C:\Documents and Settings\Alexandre\Ambiente de trabalho\RSF_manager\RSF - Radio Manager\RSF - Radio Manager\bin\Debug\bg_music\Noticias.mp3
C:\Documents and Settings\Alexandre\Ambiente de trabalho\RSF_manager\RSF - Radio Manager\RSF - Radio Manager\bin\Debug\bg_music\Powerful Inspirational Background Music for Presentation(1).mp3
C:\Documents and Settings\Alexandre\Ambiente de trabalho\RSF_manager\RSF - Radio Manager\RSF - Radio Manager\bin\Debug\bg_music\Powerful Inspirational Background Music For Presentation.mp3
C:\Documents and Settings\Alexandre\Ambiente de trabalho\RSF_manager\RSF - Radio Manager\RSF - Radio Manager\bin\Debug\bg_music\Royalty Free Presentation Music.mp3
C:\Documents and Settings\Alexandre\Ambiente de trabalho\RSF_manager\RSF - Radio Manager\RSF - Radio Manager\bin\Debug\bg_music\springtide_-_12_-_Indyair.mp3
C:\Documents and Settings\Alexandre\Ambiente de trabalho\RSF_manager\RSF - Radio Manager\RSF - Radio Manager\bin\Debug\bg_music\Upbeat Ukulele Background Music - That Positive Feeling by Alumo.mp3
C:\Documents and Settings\Alexandre\Ambiente de trabalho\RSF_manager\RSF - Radio Manager\RSF - Radio Manager\bin\Debug\bg_music\Noticias.mp3
C:\Documents and Settings\Alexandre\Ambiente de trabalho\RSF_manager\RSF - Radio Manager\RSF - Radio Manager\bin\Debug\bg_music\Powerful Inspirational Background Music for Presentation(1).mp3
C:\Documents and Settings\Alexandre\Ambiente de trabalho\RSF_manager\RSF - Radio Manager\RSF - Radio Manager\bin\Debug\bg_music\Powerful Inspirational Background Music For Presentation.mp3
C:\Documents and Settings\Alexandre\Ambiente de trabalho\RSF_manager\RSF - Radio Manager\RSF - Radio Manager\bin\Debug\bg_music\Royalty Free Presentation Music.mp3
C:\Documents and Settings\Alexandre\Ambiente de trabalho\RSF_manager\RSF - Radio Manager\RSF - Radio Manager\bin\Debug\bg_music\springtide_-_12_-_Indyair.mp3
C:\Documents and Settings\Alexandre\Ambiente de trabalho\RSF_manager\RSF - Radio Manager\RSF - Radio Manager\bin\Debug\bg_music\Upbeat Ukulele Background Music - That Positive Feeling by Alumo.mp3
C:\Documents and Settings\Alexandre\Ambiente de trabalho\RSF_manager\RSF - Radio Manager\RSF - Radio Manager\bin\Debug\bg_music\Noticias.mp3
C:\Documents and Settings\Alexandre\Ambiente de trabalho\RSF_manager\RSF - Radio Manager\RSF - Radio Manager\bin\Debug\bg_music\Powerful Inspirational Background Music for Presentation(1).mp3
C:\Documents and Settings\Alexandre\Ambiente de trabalho\RSF_manager\RSF - Radio Manager\RSF - Radio Manager\bin\Debug\bg_music\Powerful Inspirational Background Music For Presentation.mp3
C:\Documents and Settings\Alexandre\Ambiente de trabalho\RSF_manager\RSF - Radio Manager\RSF - Radio Manager\bin\Debug\bg_music\Royalty Free Presentation Music.mp3
C:\Documents and Settings\Alexandre\Ambiente de trabalho\RSF_manager\RSF - Radio Manager\RSF - Radio Manager\bin\Debug\bg_music\springtide_-_12_-_Indyair.mp3
C:\Documents and Settings\Alexandre\Ambiente de trabalho\RSF_manager\RSF - Radio Manager\RSF - Radio Manager\bin\Debug\bg_music\Upbeat Ukulele Background Music - That Positive Feeling by Alumo.mp3
C:\Documents and Settings\Alexandre\Ambiente de trabalho\RSF_manager\RSF - Radio Manager\RSF - Radio Manager\bin\Debug\bg_music\Noticias.mp3
C:\Documents and Settings\Alexandre\Ambiente de trabalho\RSF_manager\RSF - Radio Manager\RSF - Radio Manager\bin\Debug\bg_music\Powerful Inspirational Background Music for Presentation(1).mp3
C:\Documents and Settings\Alexandre\Ambiente de trabalho\RSF_manager\RSF - Radio Manager\RSF - Radio Manager\bin\Debug\bg_music\Powerful Inspirational Background Music For Presentation.mp3
C:\Documents and Settings\Alexandre\Ambiente de trabalho\RSF_manager\RSF - Radio Manager\RSF - Radio Manager\bin\Debug\bg_music\Royalty Free Presentation Music.mp3
C:\Documents and Settings\Alexandre\Ambiente de trabalho\RSF_manager\RSF - Radio Manager\RSF - Radio Manager\bin\Debug\bg_music\springtide_-_12_-_Indyair.mp3
C:\Documents and Settings\Alexandre\Ambiente de trabalho\RSF_manager\RSF - Radio Manager\RSF - Radio Manager\bin\Debug\bg_music\Upbeat Ukulele Background Music - That Positive Feeling by Alumo.mp3
C:\Documents and Settings\Alexandre\Ambiente de trabalho\RSF_manager\RSF - Radio Manager\RSF - Radio Manager\bin\Debug\bg_music\Noticias.mp3
C:\Documents and Settings\Alexandre\Ambiente de trabalho\RSF_manager\RSF - Radio Manager\RSF - Radio Manager\bin\Debug\bg_music\Powerful Inspirational Background Music for Presentation(1).mp3
C:\Documents and Settings\Alexandre\Ambiente de trabalho\RSF_manager\RSF - Radio Manager\RSF - Radio Manager\bin\Debug\bg_music\Powerful Inspirational Background Music For Presentation.mp3
C:\Documents and Settings\Alexandre\Ambiente de trabalho\RSF_manager\RSF - Radio Manager\RSF - Radio Manager\bin\Debug\bg_music\Royalty Free Presentation Music.mp3
C:\Documents and Settings\Alexandre\Ambiente de trabalho\RSF_manager\RSF - Radio Manager\RSF - Radio Manager\bin\Debug\bg_music\springtide_-_12_-_Indyair.mp3
C:\Documents and Settings\Alexandre\Ambiente de trabalho\RSF_manager\RSF - Radio Manager\RSF - Radio Manager\bin\Debug\bg_music\Upbeat Ukulele Background Music - That Positive Feeling by Alumo.mp3
